


ARM Macro Assembler    Page 1 


    1 00000000         ; LCD.s
    2 00000000         ; Student names: change this to your names or look very 
                       silly
    3 00000000         ; Last modification date: change this to the last modifi
                       cation date or look very silly
    4 00000000         
    5 00000000         ; Runs on LM4F120/TM4C123
    6 00000000         ; Use SSI0 to send an 8-bit code to the ST7735 160x128 p
                       ixel LCD.
    7 00000000         
    8 00000000         ; As part of Lab 7, students need to implement these LCD
                       _WriteCommand and LCD_WriteData
    9 00000000         ; This driver assumes two low-level LCD functions
   10 00000000         
   11 00000000         ; Backlight (pin 10) connected to +3.3 V
   12 00000000         ; MISO (pin 9) unconnected
   13 00000000         ; SCK (pin 8) connected to PA2 (SSI0Clk)
   14 00000000         ; MOSI (pin 7) connected to PA5 (SSI0Tx)
   15 00000000         ; TFT_CS (pin 6) connected to PA3 (SSI0Fss)
   16 00000000         ; CARD_CS (pin 5) unconnected
   17 00000000         ; Data/Command (pin 4) connected to PA6 (GPIO)
   18 00000000         ; RESET (pin 3) connected to PA7 (GPIO)
   19 00000000         ; VCC (pin 2) connected to +3.3 V
   20 00000000         ; Gnd (pin 1) connected to ground
   21 00000000 40004100 
                       DC      EQU              0x40004100
   22 00000000 00000000 
                       DC_COMMAND
                               EQU              0
   23 00000000 00000040 
                       DC_DATA EQU              0x40
   24 00000000         
   25 00000000         
   26 00000000 400043FC 
                       GPIO_PORTA_DATA_R
                               EQU              0x400043FC
   27 00000000 40008008 
                       SSI0_DR_R
                               EQU              0x40008008
   28 00000000 4000800C 
                       SSI0_SR_R
                               EQU              0x4000800C
   29 00000000 00000004 
                       SSI_SR_RNE
                               EQU              0x00000004  ; SSI Receive FIFO 
                                                            Not Empty
   30 00000000 00000010 
                       SSI_SR_BSY
                               EQU              0x00000010  ; SSI Busy Bit
   31 00000000 00000002 
                       SSI_SR_TNF
                               EQU              0x00000002  ; SSI Transmit FIFO
                                                             Not Full
   32 00000000         
   33 00000000                 EXPORT           writecommand
   34 00000000                 EXPORT           writedata
   35 00000000         
   36 00000000                 AREA             |.text|, CODE, READONLY, ALIGN=
2



ARM Macro Assembler    Page 2 


   37 00000000                 THUMB
   38 00000000                 ALIGN
   39 00000000         
   40 00000000         ; The Data/Command pin must be valid when the eighth bit
                        is
   41 00000000         ; sent.  The SSI module has hardware input and output FI
                       FOs
   42 00000000         ; that are 8 locations deep.  Based on the observation t
                       hat
   43 00000000         ; the LCD interface tends to send a few commands and the
                       n a
   44 00000000         ; lot of data, the FIFOs are not used when writing
   45 00000000         ; commands, and they are used when writing data.  This
   46 00000000         ; ensures that the Data/Command pin status matches the b
                       yte
   47 00000000         ; that is actually being transmitted.
   48 00000000         ; The write command operation waits until all data has b
                       een
   49 00000000         ; sent, configures the Data/Command pin for commands, se
                       nds
   50 00000000         ; the command, and then waits for the transmission to
   51 00000000         ; finish.
   52 00000000         ; The write data operation waits until there is room in 
                       the
   53 00000000         ; transmit FIFO, configures the Data/Command pin for dat
                       a,
   54 00000000         ; and then adds the data to the transmit FIFO.
   55 00000000         ; NOTE: These functions will crash or stall indefinitely
                        if
   56 00000000         ; the SSI0 module is not initialized and enabled.
   57 00000000         
   58 00000000         ; This is a helper function that sends an 8-bit command 
                       to the LCD.
   59 00000000         ; Input: R0  8-bit command to transmit
   60 00000000         ; Output: none
   61 00000000         ; Assumes: SSI0 and port A have already been initialized
                        and enabled
   62 00000000         writecommand
   63 00000000         ;1) Read SSI0_SR_R and check bit 4, 
   64 00000000         ;2) If bit 4 is high, loop back to step 1 (wait for BUSY
                        bit to be low)
   65 00000000         ;3) Clear D/C=PA6 to zero
   66 00000000         ;4) Write the command to SSI0_DR_R
   67 00000000         ;5) Read SSI0_SR_R and check bit 4, 
   68 00000000         ;6) If bit 4 is high, loop back to step 5 (wait for BUSY
                        bit to be low)
   69 00000000 4A10            LDR              R2, =SSI0_SR_R
   70 00000002         waitcommand1                         ; load ssio_sr_r in
                                                            to r1
   71 00000002 6811            LDR              R1, [R2]    ;
   72 00000004 F001 0110       AND              R1, R1, #0x10
   73 00000008 2910            CMP              R1, #0x10   ; and with x10 to m
                                                            ask out all except 
                                                            bit 4
   74 0000000A D0FA            BEQ              waitcommand1 ; if hi (i.e. 1) l
                                                            oop back to check a
                                                            gain repeat until f
                                                            alls through
   75 0000000C 4B0E            LDR              R3, =DC     ; load port a data 



ARM Macro Assembler    Page 3 


                                                            register into regis
                                                            ter 2
   76 0000000E 681A            LDR              R2, [R3]    ;
   77 00000010 F022 0240       BIC              R2, #0x40   ; and so that pa6 i
                                                            s zero which means 
                                                            it is configured fo
                                                            r commands
   78 00000014 601A            STR              R2, [R3]    ;
   79 00000016 4B0D            LDR              R3, =SSI0_DR_R ; load ssio_dr_r
                                                             into r3
   80 00000018 6018            STR              R0, [R3]    ; store command int
                                                            o ssio_dr_r
   81 0000001A 4A0A            LDR              R2, =SSI0_SR_R ; reload sr regi
                                                            ster
   82 0000001C         waitcommand2
   83 0000001C 6811            LDR              R1, [R2]    ; check sr register
                                                            
   84 0000001E F001 0110       AND              R1, R1, #0x10
   85 00000022 2910            CMP              R1, #0x10   ; check busy signal
                                                             again
   86 00000024 D0FA            BEQ              waitcommand2 ; keep looping unt
                                                            il not busy
   87 00000026         
   88 00000026         
   89 00000026         
   90 00000026 4770            BX               LR          ;   return
   91 00000028         
   92 00000028         ; This is a helper function that sends an 8-bit data to 
                       the LCD.
   93 00000028         ; Input: R0  8-bit data to transmit
   94 00000028         ; Output: none
   95 00000028         ; Assumes: SSI0 and port A have already been initialized
                        and enabled
   96 00000028         writedata
   97 00000028         ;1) Read SSI0_SR_R and check bit 1, 
   98 00000028         ;2) If bit 1 is low loop back to step 1 (wait for TNF bi
                       t to be high)
   99 00000028         ;3) Set D/C=PA6 to one
  100 00000028         ;4) Write the 8-bit data to SSI0_DR_R
  101 00000028 4A06            LDR              R2, =SSI0_SR_R
  102 0000002A         waitdata
  103 0000002A 6811            LDR              R1, [R2]    ; load the source r
                                                            egister into r1
  104 0000002C F001 0102       AND              R1, R1, #0x02
  105 00000030 2900            CMP              R1, #0x00   ; and with 0x2 to c
                                                            heck bit 1
  106 00000032 D0FA            BEQ              waitdata    ; if low loop back,
                                                             wait for it to be 
                                                            high
  107 00000034 4B04            LDR              R3, =DC     ; load porta data r
                                                            egister into r2
  108 00000036 681A            LDR              R2, [R3]    ;
  109 00000038 F042 0240       ORR              R2, R2, #0x40 ; set port a pin 
                                                            6 to 1
  110 0000003C 601A            STR              R2, [R3]
  111 0000003E 4903            LDR              R1, =SSI0_DR_R ; load ssio_dr_r
                                                             into r3
  112 00000040 6008            STR              R0, [R1]    ; write data
  113 00000042         



ARM Macro Assembler    Page 4 


  114 00000042         
  115 00000042 4770            BX               LR          ;   return
  116 00000044         
  117 00000044         ;***************************************************
  118 00000044         ; This is a library for the Adafruit 1.8" SPI display.
  119 00000044         ; This library works with the Adafruit 1.8" TFT Breakout
                        w/SD card
  120 00000044         ; ----> http://www.adafruit.com/products/358
  121 00000044         ; as well as Adafruit raw 1.8" TFT display
  122 00000044         ; ----> http://www.adafruit.com/products/618
  123 00000044         ;
  124 00000044         ; Check out the links above for our tutorials and wiring
                        diagrams
  125 00000044         ; These displays use SPI to communicate, 4 or 5 pins are
                        required to
  126 00000044         ; interface (RST is optional)
  127 00000044         ; Adafruit invests time and resources providing this ope
                       n source code,
  128 00000044         ; please support Adafruit and open-source hardware by pu
                       rchasing
  129 00000044         ; products from Adafruit!
  130 00000044         ;
  131 00000044         ; Written by Limor Fried/Ladyada for Adafruit Industries
                       .
  132 00000044         ; MIT license, all text above must be included in any re
                       distribution
  133 00000044         ;****************************************************
  134 00000044         
  135 00000044                 ALIGN                        ; make sure the end
                                                             of this section is
                                                             aligned
  136 00000044                 END                          ; end of file
              4000800C 
              40004100 
              40008008 
Command Line: --debug --xref --cpu=Cortex-M4 --apcs=interwork --depend=.\lcd.d 
-o.\lcd.o -IC:\Keil\ARM\RV31\INC -IC:\Keil\ARM\CMSIS\Include -IC:\Keil\ARM\Inc\
Luminary --predefine="__EVAL SETA 1" --list=.\lcd.lst LCD.s



ARM Macro Assembler    Page 1 Alphabetic symbol ordering
Relocatable symbols

.text 00000000

Symbol: .text
   Definitions
      At line 36 in file LCD.s
   Uses
      None
Comment: .text unused
waitcommand1 00000002

Symbol: waitcommand1
   Definitions
      At line 70 in file LCD.s
   Uses
      At line 74 in file LCD.s
Comment: waitcommand1 used once
waitcommand2 0000001C

Symbol: waitcommand2
   Definitions
      At line 82 in file LCD.s
   Uses
      At line 86 in file LCD.s
Comment: waitcommand2 used once
waitdata 0000002A

Symbol: waitdata
   Definitions
      At line 102 in file LCD.s
   Uses
      At line 106 in file LCD.s
Comment: waitdata used once
writecommand 00000000

Symbol: writecommand
   Definitions
      At line 62 in file LCD.s
   Uses
      At line 33 in file LCD.s
Comment: writecommand used once
writedata 00000028

Symbol: writedata
   Definitions
      At line 96 in file LCD.s
   Uses
      At line 34 in file LCD.s
Comment: writedata used once
6 symbols



ARM Macro Assembler    Page 1 Alphabetic symbol ordering
Absolute symbols

DC 40004100

Symbol: DC
   Definitions
      At line 21 in file LCD.s
   Uses
      At line 75 in file LCD.s
      At line 107 in file LCD.s

DC_COMMAND 00000000

Symbol: DC_COMMAND
   Definitions
      At line 22 in file LCD.s
   Uses
      None
Comment: DC_COMMAND unused
DC_DATA 00000040

Symbol: DC_DATA
   Definitions
      At line 23 in file LCD.s
   Uses
      None
Comment: DC_DATA unused
GPIO_PORTA_DATA_R 400043FC

Symbol: GPIO_PORTA_DATA_R
   Definitions
      At line 26 in file LCD.s
   Uses
      None
Comment: GPIO_PORTA_DATA_R unused
SSI0_DR_R 40008008

Symbol: SSI0_DR_R
   Definitions
      At line 27 in file LCD.s
   Uses
      At line 79 in file LCD.s
      At line 111 in file LCD.s

SSI0_SR_R 4000800C

Symbol: SSI0_SR_R
   Definitions
      At line 28 in file LCD.s
   Uses
      At line 69 in file LCD.s
      At line 81 in file LCD.s
      At line 101 in file LCD.s

SSI_SR_BSY 00000010

Symbol: SSI_SR_BSY
   Definitions
      At line 30 in file LCD.s
   Uses
      None



ARM Macro Assembler    Page 2 Alphabetic symbol ordering
Absolute symbols

Comment: SSI_SR_BSY unused
SSI_SR_RNE 00000004

Symbol: SSI_SR_RNE
   Definitions
      At line 29 in file LCD.s
   Uses
      None
Comment: SSI_SR_RNE unused
SSI_SR_TNF 00000002

Symbol: SSI_SR_TNF
   Definitions
      At line 31 in file LCD.s
   Uses
      None
Comment: SSI_SR_TNF unused
9 symbols
348 symbols in table
